<?xml version="1.0" encoding="UTF-8"?>
<!-- Generated by org.testng.reporters.JUnitXMLReporter -->
<testsuite ignored="0" hostname="Aspire-0014" failures="2" tests="2" name="Test" time="25.851" errors="0" timestamp="2025-07-14T12:20:56 IST">
  <testcase classname="Test.Statexample" name="Experience" time="3.186">
    <failure type="org.openqa.selenium.ElementNotInteractableException" message="element not interactable
  (Session info: chrome=138.0.7204.51)
Build info: version: &amp;apos;4.28.1&amp;apos;, revision: &amp;apos;73f5ad48a2&amp;apos;
System info: os.name: &amp;apos;Windows 11&amp;apos;, os.arch: &amp;apos;amd64&amp;apos;, os.version: &amp;apos;10.0&amp;apos;, java.version: &amp;apos;23.0.2&amp;apos;
Driver info: org.openqa.selenium.chrome.ChromeDriver
Command: [9e67f4ba7e44222e335e1fefbe8ece50, sendKeysToElement {value=[Ljava.lang.CharSequence;@b791a81, id=f.F5E1F67089D760DC404D24ADE0AE0E39.d.BFC4929397CDE2D13EC931E921F94761.e.99}]
Capabilities {acceptInsecureCerts: false, browserName: chrome, browserVersion: 138.0.7204.51, chrome: {chromedriverVersion: 138.0.7204.94 (545025748884..., userDataDir: C:\Users\arusi\AppData\Loca...}, fedcm:accounts: true, goog:chromeOptions: {debuggerAddress: localhost:57073}, networkConnectionEnabled: false, pageLoadStrategy: normal, platformName: windows, proxy: Proxy(), se:cdp: ws://localhost:57073/devtoo..., se:cdpVersion: 138.0.7204.51, setWindowRect: true, strictFileInteractability: false, timeouts: {implicit: 0, pageLoad: 300000, script: 30000}, unhandledPromptBehavior: dismiss and notify, webauthn:extension:credBlob: true, webauthn:extension:largeBlob: true, webauthn:extension:minPinLength: true, webauthn:extension:prf: true, webauthn:virtualAuthenticators: true}
Element: [[ChromeDriver: chrome on windows (9e67f4ba7e44222e335e1fefbe8ece50)] -&amp;gt; xpath: (//*[normalize-space()=&amp;apos;Select your state&amp;apos;])[1]]
Session ID: 9e67f4ba7e44222e335e1fefbe8ece50">
      <![CDATA[org.openqa.selenium.ElementNotInteractableException: element not interactable
  (Session info: chrome=138.0.7204.51)
Build info: version: '4.28.1', revision: '73f5ad48a2'
System info: os.name: 'Windows 11', os.arch: 'amd64', os.version: '10.0', java.version: '23.0.2'
Driver info: org.openqa.selenium.chrome.ChromeDriver
Command: [9e67f4ba7e44222e335e1fefbe8ece50, sendKeysToElement {value=[Ljava.lang.CharSequence;@b791a81, id=f.F5E1F67089D760DC404D24ADE0AE0E39.d.BFC4929397CDE2D13EC931E921F94761.e.99}]
Capabilities {acceptInsecureCerts: false, browserName: chrome, browserVersion: 138.0.7204.51, chrome: {chromedriverVersion: 138.0.7204.94 (545025748884..., userDataDir: C:\Users\arusi\AppData\Loca...}, fedcm:accounts: true, goog:chromeOptions: {debuggerAddress: localhost:57073}, networkConnectionEnabled: false, pageLoadStrategy: normal, platformName: windows, proxy: Proxy(), se:cdp: ws://localhost:57073/devtoo..., se:cdpVersion: 138.0.7204.51, setWindowRect: true, strictFileInteractability: false, timeouts: {implicit: 0, pageLoad: 300000, script: 30000}, unhandledPromptBehavior: dismiss and notify, webauthn:extension:credBlob: true, webauthn:extension:largeBlob: true, webauthn:extension:minPinLength: true, webauthn:extension:prf: true, webauthn:virtualAuthenticators: true}
Element: [[ChromeDriver: chrome on windows (9e67f4ba7e44222e335e1fefbe8ece50)] -> xpath: (//*[normalize-space()='Select your state'])[1]]
Session ID: 9e67f4ba7e44222e335e1fefbe8ece50
at org.openqa.selenium.remote.ErrorCodec.decode(ErrorCodec.java:167)
at org.openqa.selenium.remote.codec.w3c.W3CHttpResponseCodec.decode(W3CHttpResponseCodec.java:138)
at org.openqa.selenium.remote.codec.w3c.W3CHttpResponseCodec.decode(W3CHttpResponseCodec.java:50)
at org.openqa.selenium.remote.HttpCommandExecutor.execute(HttpCommandExecutor.java:215)
at org.openqa.selenium.remote.service.DriverCommandExecutor.invokeExecute(DriverCommandExecutor.java:216)
at org.openqa.selenium.remote.service.DriverCommandExecutor.execute(DriverCommandExecutor.java:174)
at org.openqa.selenium.remote.RemoteWebDriver.execute(RemoteWebDriver.java:545)
at org.openqa.selenium.remote.RemoteWebElement.execute(RemoteWebElement.java:223)
at org.openqa.selenium.remote.RemoteWebElement.sendKeys(RemoteWebElement.java:110)
at org.openqa.selenium.support.pagefactory.internal.LocatingElementHandler.invoke(LocatingElementHandler.java:51)
at jdk.proxy2/jdk.proxy2.$Proxy28.sendKeys(Unknown Source)
at Pages.Candidate_profilePage2.Experience_statedd(Candidate_profilePage2.java:219)
at Test.Statexample.Experience(Statexample.java:57)
at java.base/java.util.ArrayList.forEach(ArrayList.java:1597)
... Removed 30 stack frames]]>
    </failure>
  </testcase> <!-- Experience -->
  <testcase classname="Test.Statexample" name="Experience" time="2.883">
    <failure type="org.openqa.selenium.ElementNotInteractableException" message="element not interactable
  (Session info: chrome=138.0.7204.51)
Build info: version: &amp;apos;4.28.1&amp;apos;, revision: &amp;apos;73f5ad48a2&amp;apos;
System info: os.name: &amp;apos;Windows 11&amp;apos;, os.arch: &amp;apos;amd64&amp;apos;, os.version: &amp;apos;10.0&amp;apos;, java.version: &amp;apos;23.0.2&amp;apos;
Driver info: org.openqa.selenium.chrome.ChromeDriver
Command: [aac4a069eb672ccd9bec2bc262227450, sendKeysToElement {value=[Ljava.lang.CharSequence;@4ffced4e, id=f.CE4B8CE75AAB2A66F7DACDE197D36B41.d.1E5462C67A58078E5BA13D9C39C5A041.e.99}]
Capabilities {acceptInsecureCerts: false, browserName: chrome, browserVersion: 138.0.7204.51, chrome: {chromedriverVersion: 138.0.7204.94 (545025748884..., userDataDir: C:\Users\arusi\AppData\Loca...}, fedcm:accounts: true, goog:chromeOptions: {debuggerAddress: localhost:57120}, networkConnectionEnabled: false, pageLoadStrategy: normal, platformName: windows, proxy: Proxy(), se:cdp: ws://localhost:57120/devtoo..., se:cdpVersion: 138.0.7204.51, setWindowRect: true, strictFileInteractability: false, timeouts: {implicit: 0, pageLoad: 300000, script: 30000}, unhandledPromptBehavior: dismiss and notify, webauthn:extension:credBlob: true, webauthn:extension:largeBlob: true, webauthn:extension:minPinLength: true, webauthn:extension:prf: true, webauthn:virtualAuthenticators: true}
Element: [[ChromeDriver: chrome on windows (aac4a069eb672ccd9bec2bc262227450)] -&amp;gt; xpath: (//*[normalize-space()=&amp;apos;Select your state&amp;apos;])[1]]
Session ID: aac4a069eb672ccd9bec2bc262227450">
      <![CDATA[org.openqa.selenium.ElementNotInteractableException: element not interactable
  (Session info: chrome=138.0.7204.51)
Build info: version: '4.28.1', revision: '73f5ad48a2'
System info: os.name: 'Windows 11', os.arch: 'amd64', os.version: '10.0', java.version: '23.0.2'
Driver info: org.openqa.selenium.chrome.ChromeDriver
Command: [aac4a069eb672ccd9bec2bc262227450, sendKeysToElement {value=[Ljava.lang.CharSequence;@4ffced4e, id=f.CE4B8CE75AAB2A66F7DACDE197D36B41.d.1E5462C67A58078E5BA13D9C39C5A041.e.99}]
Capabilities {acceptInsecureCerts: false, browserName: chrome, browserVersion: 138.0.7204.51, chrome: {chromedriverVersion: 138.0.7204.94 (545025748884..., userDataDir: C:\Users\arusi\AppData\Loca...}, fedcm:accounts: true, goog:chromeOptions: {debuggerAddress: localhost:57120}, networkConnectionEnabled: false, pageLoadStrategy: normal, platformName: windows, proxy: Proxy(), se:cdp: ws://localhost:57120/devtoo..., se:cdpVersion: 138.0.7204.51, setWindowRect: true, strictFileInteractability: false, timeouts: {implicit: 0, pageLoad: 300000, script: 30000}, unhandledPromptBehavior: dismiss and notify, webauthn:extension:credBlob: true, webauthn:extension:largeBlob: true, webauthn:extension:minPinLength: true, webauthn:extension:prf: true, webauthn:virtualAuthenticators: true}
Element: [[ChromeDriver: chrome on windows (aac4a069eb672ccd9bec2bc262227450)] -> xpath: (//*[normalize-space()='Select your state'])[1]]
Session ID: aac4a069eb672ccd9bec2bc262227450
at org.openqa.selenium.remote.ErrorCodec.decode(ErrorCodec.java:167)
at org.openqa.selenium.remote.codec.w3c.W3CHttpResponseCodec.decode(W3CHttpResponseCodec.java:138)
at org.openqa.selenium.remote.codec.w3c.W3CHttpResponseCodec.decode(W3CHttpResponseCodec.java:50)
at org.openqa.selenium.remote.HttpCommandExecutor.execute(HttpCommandExecutor.java:215)
at org.openqa.selenium.remote.service.DriverCommandExecutor.invokeExecute(DriverCommandExecutor.java:216)
at org.openqa.selenium.remote.service.DriverCommandExecutor.execute(DriverCommandExecutor.java:174)
at org.openqa.selenium.remote.RemoteWebDriver.execute(RemoteWebDriver.java:545)
at org.openqa.selenium.remote.RemoteWebElement.execute(RemoteWebElement.java:223)
at org.openqa.selenium.remote.RemoteWebElement.sendKeys(RemoteWebElement.java:110)
at org.openqa.selenium.support.pagefactory.internal.LocatingElementHandler.invoke(LocatingElementHandler.java:51)
at jdk.proxy2/jdk.proxy2.$Proxy28.sendKeys(Unknown Source)
at Pages.Candidate_profilePage2.Experience_statedd(Candidate_profilePage2.java:219)
at Test.Statexample.Experience(Statexample.java:57)
at java.base/java.util.ArrayList.forEach(ArrayList.java:1597)
... Removed 30 stack frames]]>
    </failure>
  </testcase> <!-- Experience -->
</testsuite> <!-- Test -->
