<?xml version="1.0" encoding="UTF-8"?>
<testng-results ignored="0" total="2" passed="2" failed="0" skipped="0">
  <reporter-output>
  </reporter-output>
  <suite started-at="2025-05-22T11:32:55 IST" name="Default suite" finished-at="2025-05-22T11:33:29 IST" duration-ms="34206">
    <groups>
    </groups>
    <test started-at="2025-05-22T11:32:55 IST" name="Default test" finished-at="2025-05-22T11:33:29 IST" duration-ms="34206">
      <class name="Test.Candidate_Profile">
        <test-method is-config="true" signature="setup()[pri:0, instance:Test.Candidate_Profile@65e98b1c]" started-at="2025-05-22T11:32:55 IST" name="setup" finished-at="2025-05-22T11:33:04 IST" duration-ms="9761" status="PASS">
          <reporter-output>
          </reporter-output>
        </test-method> <!-- setup -->
        <test-method signature="Experience()[pri:8, instance:Test.Candidate_Profile@65e98b1c]" started-at="2025-05-22T11:33:04 IST" name="Experience" finished-at="2025-05-22T11:33:15 IST" duration-ms="10884" status="PASS">
          <reporter-output>
          </reporter-output>
        </test-method> <!-- Experience -->
        <test-method is-config="true" signature="cleanUp()[pri:0, instance:Test.Candidate_Profile@65e98b1c]" started-at="2025-05-22T11:33:15 IST" name="cleanUp" finished-at="2025-05-22T11:33:15 IST" duration-ms="215" status="PASS">
          <reporter-output>
          </reporter-output>
        </test-method> <!-- cleanUp -->
        <test-method is-config="true" signature="setup()[pri:0, instance:Test.Candidate_Profile@65e98b1c]" started-at="2025-05-22T11:33:15 IST" name="setup" finished-at="2025-05-22T11:33:22 IST" duration-ms="6637" status="PASS">
          <reporter-output>
          </reporter-output>
        </test-method> <!-- setup -->
        <test-method signature="Certificates()[pri:10, instance:Test.Candidate_Profile@65e98b1c]" started-at="2025-05-22T11:33:22 IST" name="Certificates" finished-at="2025-05-22T11:33:29 IST" duration-ms="6445" status="PASS">
          <reporter-output>
          </reporter-output>
        </test-method> <!-- Certificates -->
        <test-method is-config="true" signature="cleanUp()[pri:0, instance:Test.Candidate_Profile@65e98b1c]" started-at="2025-05-22T11:33:29 IST" name="cleanUp" finished-at="2025-05-22T11:33:29 IST" duration-ms="205" status="PASS">
          <reporter-output>
          </reporter-output>
        </test-method> <!-- cleanUp -->
      </class> <!-- Test.Candidate_Profile -->
    </test> <!-- Default test -->
  </suite> <!-- Default suite -->
</testng-results>
