<?xml version="1.0" encoding="UTF-8"?>
<testng-results ignored="0" total="1" passed="1" failed="0" skipped="0">
  <reporter-output>
  </reporter-output>
  <suite started-at="2025-07-21T12:52:15 IST" name="Default suite" finished-at="2025-07-21T12:53:08 IST" duration-ms="53028">
    <groups>
    </groups>
    <test started-at="2025-07-21T12:52:15 IST" name="Default test" finished-at="2025-07-21T12:53:08 IST" duration-ms="53028">
      <class name="Test.Statexample">
        <test-method is-config="true" signature="setup()[pri:0, instance:Test.Statexample@769a1df5]" started-at="2025-07-21T12:52:16 IST" name="setup" finished-at="2025-07-21T12:52:26 IST" duration-ms="10424" status="PASS">
          <reporter-output>
          </reporter-output>
        </test-method> <!-- setup -->
        <test-method signature="AreaofIntrest(java.util.List)[pri:0, instance:Test.Statexample@769a1df5]" started-at="2025-07-21T12:52:26 IST" name="AreaofIntrest" data-provider="AreaofInterest" finished-at="2025-07-21T12:53:08 IST" duration-ms="41499" status="PASS">
          <params>
            <param index="0">
              <value>
                <![CDATA[[Agile coach, Data Analyst, Product Manager]]]>
              </value>
            </param>
          </params>
          <reporter-output>
          </reporter-output>
        </test-method> <!-- AreaofIntrest -->
      </class> <!-- Test.Statexample -->
    </test> <!-- Default test -->
  </suite> <!-- Default suite -->
</testng-results>
