<?xml version="1.0" encoding="UTF-8"?>
<!-- Generated by org.testng.reporters.JUnitReportReporter -->
<testsuite hostname="Aspire-0014" failures="0" tests="2" name="Test.HR_Rating_Review" time="21.043" errors="0" timestamp="2025-07-09T19:02:42 IST" skipped="0">
  <testcase classname="Test.HR_Rating_Review" name="InterviewVerifyJoinNowButton_ExpertPOV" time="12.156"/>
  <testcase classname="Test.HR_Rating_Review" name="Reviewer_Grab_Button_Disable" time="8.887"/>
</testsuite> <!-- Test.HR_Rating_Review -->
