<?xml version="1.0" encoding="UTF-8"?>
<!-- Generated by org.testng.reporters.JUnitReportReporter -->
<testsuite hostname="Aspire-0014" failures="0" tests="5" name="Test.Tech_Rating_Review" time="262.766" errors="0" timestamp="2025-06-27T15:38:00 IST" skipped="0">
  <testcase classname="Test.Tech_Rating_Review" name="Interview_Completed" time="97.287"/>
  <testcase classname="Test.Tech_Rating_Review" name="Interviewer_Rating" time="85.652"/>
  <testcase classname="Test.Tech_Rating_Review" name="Reviewer_Rating" time="59.034"/>
  <testcase classname="Test.Tech_Rating_Review" name="Reviewer_Rating_With_DifferentSkill" time="10.871"/>
  <testcase classname="Test.Tech_Rating_Review" name="Reviewer_Swap_With_SameSkill" time="9.922"/>
</testsuite> <!-- Test.Tech_Rating_Review -->
