<?xml version="1.0" encoding="UTF-8"?>
<!-- Generated by org.testng.reporters.JUnitXMLReporter -->
<testsuite ignored="0" hostname="Aspire-0014" failures="1" tests="12" name="Test" time="877.295" errors="0" timestamp="2025-06-27T15:38:00 IST">
  <testcase classname="Test.Error_state" name="Declined_from_Expertside" time="96.423"/>
  <testcase classname="Test.Error_state" name="Network_Error" time="149.657"/>
  <testcase classname="Test.Error_state" name="Interviewer_Schedule_ExpertwithOtherSKill" time="68.454">
    <failure type="org.openqa.selenium.NoSuchElementException" message="no such element: Unable to locate element: {&amp;quot;method&amp;quot;:&amp;quot;xpath&amp;quot;,&amp;quot;selector&amp;quot;:&amp;quot;(//*[@class = &amp;apos;MuiTypography-root MuiTypography-body1 css-epz3qv&amp;apos;])[2]&amp;quot;}
  (Session info: chrome=137.0.7151.69)
For documentation on this error, please visit: https://www.selenium.dev/documentation/webdriver/troubleshooting/errors#no-such-element-exception
Build info: version: &amp;apos;4.28.1&amp;apos;, revision: &amp;apos;73f5ad48a2&amp;apos;
System info: os.name: &amp;apos;Windows 11&amp;apos;, os.arch: &amp;apos;amd64&amp;apos;, os.version: &amp;apos;10.0&amp;apos;, java.version: &amp;apos;23.0.2&amp;apos;
Driver info: org.openqa.selenium.chrome.ChromeDriver
Command: [d0cff8bce305deb96ce9b15a59ffc9ee, findElement {value=(//*[@class = &amp;apos;MuiTypography-root MuiTypography-body1 css-epz3qv&amp;apos;])[2], using=xpath}]
Capabilities {acceptInsecureCerts: false, browserName: chrome, browserVersion: 137.0.7151.69, chrome: {chromedriverVersion: 137.0.7151.119 (e0ac9d12dff..., userDataDir: C:\Users\arusi\AppData\Loca...}, fedcm:accounts: true, goog:chromeOptions: {debuggerAddress: localhost:56397}, networkConnectionEnabled: false, pageLoadStrategy: normal, platformName: windows, proxy: Proxy(), se:cdp: ws://localhost:56397/devtoo..., se:cdpVersion: 137.0.7151.69, setWindowRect: true, strictFileInteractability: false, timeouts: {implicit: 0, pageLoad: 300000, script: 30000}, unhandledPromptBehavior: dismiss and notify, webauthn:extension:credBlob: true, webauthn:extension:largeBlob: true, webauthn:extension:minPinLength: true, webauthn:extension:prf: true, webauthn:virtualAuthenticators: true}
Session ID: d0cff8bce305deb96ce9b15a59ffc9ee">
      <![CDATA[org.openqa.selenium.NoSuchElementException: no such element: Unable to locate element: {"method":"xpath","selector":"(//*[@class = 'MuiTypography-root MuiTypography-body1 css-epz3qv'])[2]"}
  (Session info: chrome=137.0.7151.69)
For documentation on this error, please visit: https://www.selenium.dev/documentation/webdriver/troubleshooting/errors#no-such-element-exception
Build info: version: '4.28.1', revision: '73f5ad48a2'
System info: os.name: 'Windows 11', os.arch: 'amd64', os.version: '10.0', java.version: '23.0.2'
Driver info: org.openqa.selenium.chrome.ChromeDriver
Command: [d0cff8bce305deb96ce9b15a59ffc9ee, findElement {value=(//*[@class = 'MuiTypography-root MuiTypography-body1 css-epz3qv'])[2], using=xpath}]
Capabilities {acceptInsecureCerts: false, browserName: chrome, browserVersion: 137.0.7151.69, chrome: {chromedriverVersion: 137.0.7151.119 (e0ac9d12dff..., userDataDir: C:\Users\arusi\AppData\Loca...}, fedcm:accounts: true, goog:chromeOptions: {debuggerAddress: localhost:56397}, networkConnectionEnabled: false, pageLoadStrategy: normal, platformName: windows, proxy: Proxy(), se:cdp: ws://localhost:56397/devtoo..., se:cdpVersion: 137.0.7151.69, setWindowRect: true, strictFileInteractability: false, timeouts: {implicit: 0, pageLoad: 300000, script: 30000}, unhandledPromptBehavior: dismiss and notify, webauthn:extension:credBlob: true, webauthn:extension:largeBlob: true, webauthn:extension:minPinLength: true, webauthn:extension:prf: true, webauthn:virtualAuthenticators: true}
Session ID: d0cff8bce305deb96ce9b15a59ffc9ee
at org.openqa.selenium.remote.ErrorCodec.decode(ErrorCodec.java:167)
at org.openqa.selenium.remote.codec.w3c.W3CHttpResponseCodec.decode(W3CHttpResponseCodec.java:138)
at org.openqa.selenium.remote.codec.w3c.W3CHttpResponseCodec.decode(W3CHttpResponseCodec.java:50)
at org.openqa.selenium.remote.HttpCommandExecutor.execute(HttpCommandExecutor.java:215)
at org.openqa.selenium.remote.service.DriverCommandExecutor.invokeExecute(DriverCommandExecutor.java:216)
at org.openqa.selenium.remote.service.DriverCommandExecutor.execute(DriverCommandExecutor.java:174)
at org.openqa.selenium.remote.RemoteWebDriver.execute(RemoteWebDriver.java:545)
at org.openqa.selenium.remote.ElementLocation$ElementFinder$2.findElement(ElementLocation.java:165)
at org.openqa.selenium.remote.ElementLocation.findElement(ElementLocation.java:59)
at org.openqa.selenium.remote.RemoteWebDriver.findElement(RemoteWebDriver.java:368)
at org.openqa.selenium.remote.RemoteWebDriver.findElement(RemoteWebDriver.java:362)
at org.openqa.selenium.support.pagefactory.DefaultElementLocator.findElement(DefaultElementLocator.java:68)
at org.openqa.selenium.support.pagefactory.internal.LocatingElementHandler.invoke(LocatingElementHandler.java:38)
at jdk.proxy2/jdk.proxy2.$Proxy18.isEnabled(Unknown Source)
at Pages.Expert_Schedule_Page.SelectSlot1_IsEnabled(Expert_Schedule_Page.java:136)
at Utills.Generic.ScheduleInterview_UnmatchedExpert(Generic.java:130)
at Test.Error_state.Interviewer_Schedule_ExpertwithOtherSKill(Error_state.java:194)
at java.base/java.util.ArrayList.forEach(ArrayList.java:1597)
... Removed 28 stack frames]]>
    </failure>
  </testcase> <!-- Interviewer_Schedule_ExpertwithOtherSKill -->
  <testcase classname="Test.Error_state" name="Interview_Status_Not_Provided" time="128.316"/>
  <testcase classname="Test.HR_Rating_Review" name="Interview_Completed" time="110.506"/>
  <testcase classname="Test.HR_Rating_Review" name="Interviewer_Rating" time="19.949"/>
  <testcase classname="Test.HR_Rating_Review" name="Reviewer_Rating" time="19.34"/>
  <testcase classname="Test.Tech_Rating_Review" name="Interview_Completed" time="95.651"/>
  <testcase classname="Test.Tech_Rating_Review" name="Interviewer_Rating" time="83.89"/>
  <testcase classname="Test.Tech_Rating_Review" name="Reviewer_Rating" time="57.417"/>
  <testcase classname="Test.Tech_Rating_Review" name="Reviewer_Rating_With_DifferentSkill" time="9.224"/>
  <testcase classname="Test.Tech_Rating_Review" name="Reviewer_Swap_With_SameSkill" time="8.203"/>
</testsuite> <!-- Test -->
