<?xml version="1.0" encoding="UTF-8"?>
<!-- Generated by org.testng.reporters.JUnitXMLReporter -->
<testsuite ignored="0" hostname="Aspire-0014" failures="0" tests="0" time="0.032" errors="0" timestamp="2025-04-07T13:07:59 IST">
  <testcase classname="Test.Login" name="@BeforeTest setup" time="0.01">
    <failure type="java.lang.NullPointerException" message="Cannot invoke &amp;quot;org.openqa.selenium.WebDriver.manage()&amp;quot; because &amp;quot;this.driver&amp;quot; is null">
      <![CDATA[java.lang.NullPointerException: Cannot invoke "org.openqa.selenium.WebDriver.manage()" because "this.driver" is null
at Base.Baseclass.Initializebrowser(Baseclass.java:45)
at Test.Login.setup(Login.java:20)
... Removed 22 stack frames]]>
    </failure>
  </testcase> <!-- @BeforeTest setup -->
</testsuite>
